<?xml version="1.0" encoding="UTF-8"?>
<testsuite xmlns:xsi="http://www.w3.org/2001/XMLSchema-instance" xsi:noNamespaceSchemaLocation="https://maven.apache.org/surefire/maven-surefire-plugin/xsd/surefire-test-report-3.0.xsd" version="3.0" name="homeworks.GET_POST_request.GetPostRequestApplicationTests" time="2.612" tests="1" errors="0" skipped="0" failures="0">
  <properties>
[...]
</properties>
  <testcase name="contextLoads" classname="homeworks.GET_POST_request.GetPostRequestApplicationTests" time="0.816">
    <system-out><![CDATA[00:56:41.275 [main] INFO org.springframework.test.context.support.AnnotationConfigContextLoaderUtils -- Could not detect default configuration classes for test class [homeworks.GET_POST_request.GetPostRequestApplicationTests]: GetPostRequestApplicationTests does not declare any static, non-private, non-final, nested classes annotated with @Configuration.
00:56:41.374 [main] INFO org.springframework.boot.test.context.SpringBootTestContextBootstrapper -- Found @SpringBootConfiguration homeworks.GET_POST_request.GetPostRequestApplication for test class homeworks.GET_POST_request.GetPostRequestApplicationTests

  .   ____          _            __ _ _
 /\\ / ___'_ __ _ _(_)_ __  __ _ \ \ \ \
( ( )\___ | '_ | '_| | '_ \/ _` | \ \ \ \
 \\/  ___)| |_)| | | | | || (_| |  ) ) ) )
  '  |____| .__|_| |_|_| |_\__, | / / / /
 =========|_|==============|___/=/_/_/_/

 :: Spring Boot ::                (v3.3.5)

2024-11-25T00:56:41.723+03:00  INFO 6316 --- [GET_POST_request] [           main] h.G.GetPostRequestApplicationTests       : Starting GetPostRequestApplicationTests using Java 21.0.5 with PID 6316 (started by Amium in C:\Users\Amium\IdeaProjects\GET_POST_request)
2024-11-25T00:56:41.723+03:00  INFO 6316 --- [GET_POST_request] [           main] h.G.GetPostRequestApplicationTests       : No active profile set, falling back to 1 default profile: "default"
2024-11-25T00:56:42.890+03:00  INFO 6316 --- [GET_POST_request] [           main] h.G.GetPostRequestApplicationTests       : Started GetPostRequestApplicationTests in 1.393 seconds (process running for 2.178)
]]></system-out>
    <system-err><![CDATA[WARNING: A Java agent has been loaded dynamically (C:\Users\Amium\.m2\repository\net\bytebuddy\byte-buddy-agent\1.14.19\byte-buddy-agent-1.14.19.jar)
WARNING: If a serviceability tool is in use, please run with -XX:+EnableDynamicAgentLoading to hide this warning
WARNING: If a serviceability tool is not in use, please run with -Djdk.instrument.traceUsage for more information
WARNING: Dynamic loading of agents will be disallowed by default in a future release
]]></system-err>
  </testcase>
</testsuite>